{"name": "test_get_user", "status": "failed", "statusDetails": {"message": "AssertionError: ID пользователя не совпадает с ожидаемым\nassert 619 == '619'", "trace": "@pytest.mark.run(order=4)\n    @allure.feature(\"Получение данных пользователя\")\n    def test_get_user():\n        \"\"\"Получение данных пользователя по ID\"\"\"\n        with allure.step(\"Подготовка тестовых данных\"):\n            # Загрузка переменных окружения\n            load_dotenv(ENV_FILE)\n            base_url = os.getenv(\"API_URL\")\n            token = os.getenv(\"TOKEN_ID\")\n            test_user_id = os.getenv(\"CREATED_USER_ID\")\n    \n            # Проверка наличия обязательных переменных\n            assert base_url, \"API_URL не задан в .env\"\n            assert token, \"TOKEN_ID не задан в .env\"\n            assert test_user_id, \"CREATED_USER_ID не задан в .env\"\n    \n        with allure.step(\"Формирование заголовков запроса\"):\n            headers = {\n                \"accept\": \"*/*\",\n                \"tockenid\": token  # Обратите внимание на опечатку в API (tockenid вместо tokenid)\n            }\n            allure.attach(str(headers), name=\"Request Headers\", attachment_type=allure.attachment_type.TEXT)\n    \n        # Варианты URL для тестирования\n        test_urls = [\n            f\"{base_url}/api/v1/user/{test_user_id}\",\n        ]\n    \n        for url in test_urls:\n            with allure.step(f\"Отправка GET запроса на {url}\"):\n                allure.attach(f\"curl -X GET '{url}' -H 'accept: */*' -H 'tockenid: {token}'\",\n                             name=\"CURL команда\",\n                             attachment_type=allure.attachment_type.TEXT)\n    \n                response = requests.get(url, headers=headers)\n    \n                with allure.step(\"Проверка ответа\"):\n                    allure.attach(f\"Status Code: {response.status_code}\\nResponse: {response.text}\",\n                                 name=\"Response Details\",\n                                 attachment_type=allure.attachment_type.TEXT)\n    \n                    if response.status_code == 200:\n                        user_data = response.json()\n                        allure.attach(str(user_data),\n                                     name=\"User Data\",\n                                     attachment_type=allure.attachment_type.JSON)\n    \n                        with allure.step(\"Проверка структуры ответа\"):\n                            assert isinstance(user_data, dict), \"Ответ должен быть словарем\"\n                            assert \"id\" in user_data, \"В ответе отсутствует поле id\"\n>                           assert user_data[\"id\"] == test_user_id, \"ID пользователя не совпадает с ожидаемым\"\nE                           AssertionError: ID пользователя не совпадает с ожидаемым\nE                           assert 619 == '619'\n\ntests\\user\\test_user_read.py:61: AssertionError"}, "description": "Получение данных пользователя по ID", "steps": [{"name": "Подготовка тестовых данных", "status": "passed", "start": 1752686762503, "stop": 1752686762506}, {"name": "Формирование заголовков запроса", "status": "passed", "attachments": [{"name": "Request Headers", "source": "9ab14f44-1810-4b18-a387-e15e1327c20b-attachment.txt", "type": "text/plain"}], "start": 1752686762506, "stop": 1752686762508}, {"name": "Отправка GET запроса на https://dev1api.cloudpanel.ru/api/v1/user/619", "status": "failed", "statusDetails": {"message": "AssertionError: ID пользователя не совпадает с ожидаемым\nassert 619 == '619'\n", "trace": "  File \"C:\\Users\\annal_e209e90\\OneDrive\\Рабочий стол\\test\\corpsoft\\tests\\user\\test_user_read.py\", line 61, in test_get_user\n    assert user_data[\"id\"] == test_user_id, \"ID пользователя не совпадает с ожидаемым\"\n"}, "steps": [{"name": "Проверка ответа", "status": "failed", "statusDetails": {"message": "AssertionError: ID пользователя не совпадает с ожидаемым\nassert 619 == '619'\n", "trace": "  File \"C:\\Users\\annal_e209e90\\OneDrive\\Рабочий стол\\test\\corpsoft\\tests\\user\\test_user_read.py\", line 61, in test_get_user\n    assert user_data[\"id\"] == test_user_id, \"ID пользователя не совпадает с ожидаемым\"\n"}, "steps": [{"name": "Проверка структуры ответа", "status": "failed", "statusDetails": {"message": "AssertionError: ID пользователя не совпадает с ожидаемым\nassert 619 == '619'\n", "trace": "  File \"C:\\Users\\annal_e209e90\\OneDrive\\Рабочий стол\\test\\corpsoft\\tests\\user\\test_user_read.py\", line 61, in test_get_user\n    assert user_data[\"id\"] == test_user_id, \"ID пользователя не совпадает с ожидаемым\"\n"}, "start": 1752686762878, "stop": 1752686762878}], "attachments": [{"name": "Response Details", "source": "04959600-e55f-4e0c-9a46-d3b2ccf1ea8b-attachment.txt", "type": "text/plain"}, {"name": "User Data", "source": "d7b118fc-aec3-46fa-87db-b65d1485ef14-attachment.json", "type": "application/json"}], "start": 1752686762875, "stop": 1752686762879}], "attachments": [{"name": "CURL команда", "source": "579aec7b-a470-4191-ac82-fccde26704b8-attachment.txt", "type": "text/plain"}], "start": 1752686762508, "stop": 1752686762880}], "start": 1752686762503, "stop": 1752686762881, "uuid": "17c0dedb-0ea8-41f5-8c8b-b656f12ceeb0", "historyId": "6448364dc81b774c37b4465f7f21cb08", "testCaseId": "6448364dc81b774c37b4465f7f21cb08", "fullName": "tests.user.test_user_read#test_get_user", "labels": [{"name": "feature", "value": "Получение данных пользователя"}, {"name": "parentSuite", "value": "tests.user"}, {"name": "suite", "value": "test_user_read"}, {"name": "host", "value": "Lapochka"}, {"name": "thread", "value": "18020-MainThread"}, {"name": "framework", "value": "pytest"}, {"name": "language", "value": "cpython3"}, {"name": "package", "value": "tests.user.test_user_read"}]}